  imgui_impl_glfw.cpp
c:\users\michael\projects\whimsy\libraries\imgui\examples\imgui_impl_glfw.cpp(36): fatal error C1083: Cannot open include file: 'imgui.h': No such file or directory
  imgui_impl_opengl3.cpp
c:\users\michael\projects\whimsy\libraries\imgui\examples\imgui_impl_opengl3.cpp(66): fatal error C1083: Cannot open include file: 'imgui.h': No such file or directory
  imgui.cpp
  imgui_demo.cpp
  imgui_draw.cpp
  imgui_widgets.cpp
  DrawCollisions.cpp
  Graphics.cpp
  Input.cpp
  Logging.cpp
  Main.cpp
c:\users\michael\projects\whimsy\source\main.cpp(10): fatal error C1083: Cannot open include file: 'imgui.h': No such file or directory
  Particles.cpp
  PhysicsTest.cpp
c:\users\michael\projects\whimsy\source\physicstest.cpp(10): fatal error C1083: Cannot open include file: 'imgui.h': No such file or directory
  profiling.cpp
c:\users\michael\projects\whimsy\source\profiling.cpp(80): warning C4996: 'fopen': This function or variable may be unsafe. Consider using fopen_s instead. To disable deprecation, use _CRT_SECURE_NO_WARNINGS. See online help for details.
  c:\program files (x86)\windows kits\10\include\10.0.15063.0\ucrt\stdio.h(207): note: see declaration of 'fopen'
  Random.cpp
  Texture.cpp
  Vector2D.cpp
  Generating Code...
