c:\users\michael\projects\whimsy\release\vc141.pdb
c:\users\michael\projects\whimsy\release\vector2d.obj
c:\users\michael\projects\whimsy\release\texture.obj
c:\users\michael\projects\whimsy\release\random.obj
c:\users\michael\projects\whimsy\release\particles.obj
c:\users\michael\projects\whimsy\release\logging.obj
c:\users\michael\projects\whimsy\release\input.obj
c:\users\michael\projects\whimsy\release\graphics.obj
c:\users\michael\projects\whimsy\release\drawcollisions.obj
c:\users\michael\projects\whimsy\release\physicstest.obj
c:\users\michael\projects\whimsy\release\main.obj
c:\users\michael\projects\whimsy\release\imgui_widgets.obj
c:\users\michael\projects\whimsy\release\imgui_draw.obj
c:\users\michael\projects\whimsy\release\imgui_demo.obj
c:\users\michael\projects\whimsy\release\imgui.obj
c:\users\michael\projects\whimsy\release\imgui_impl_opengl3.obj
c:\users\michael\projects\whimsy\release\imgui_impl_glfw.obj
c:\users\michael\projects\whimsy\release\whimsy.pdb
c:\users\michael\projects\whimsy\release\whimsy.tlog\cl.command.1.tlog
c:\users\michael\projects\whimsy\release\whimsy.tlog\cl.read.1.tlog
c:\users\michael\projects\whimsy\release\whimsy.tlog\cl.write.1.tlog
c:\users\michael\projects\whimsy\release\whimsy.tlog\link-cvtres.read.1.tlog
c:\users\michael\projects\whimsy\release\whimsy.tlog\link-cvtres.write.1.tlog
c:\users\michael\projects\whimsy\release\whimsy.tlog\link-rc.read.1.tlog
c:\users\michael\projects\whimsy\release\whimsy.tlog\link-rc.write.1.tlog
c:\users\michael\projects\whimsy\release\whimsy.tlog\link.command.1.tlog
c:\users\michael\projects\whimsy\release\whimsy.tlog\link.read.1.tlog
c:\users\michael\projects\whimsy\release\whimsy.tlog\link.write.1.tlog
