  imgui_impl_glfw.cpp
  imgui_impl_opengl3.cpp
  imgui.cpp
  imgui_demo.cpp
  imgui_draw.cpp
  imgui_widgets.cpp
  DrawCollisions.cpp
  Graphics.cpp
  Input.cpp
  Logging.cpp
  Main.cpp
  Particles.cpp
  PhysicsTest.cpp
c:\users\michael\projects\whimsy\source\physicstest.cpp(259): warning C4244: 'argument': conversion from 'int' to 'float', possible loss of data
c:\users\michael\projects\whimsy\source\physicstest.cpp(259): warning C4244: '=': conversion from 'float' to 'int', possible loss of data
c:\users\michael\projects\whimsy\source\physicstest.cpp(260): warning C4244: 'argument': conversion from 'int' to 'float', possible loss of data
c:\users\michael\projects\whimsy\source\physicstest.cpp(260): warning C4244: '=': conversion from 'float' to 'int', possible loss of data
c:\users\michael\projects\whimsy\source\physicstest.cpp(261): warning C4244: 'argument': conversion from 'int' to 'float', possible loss of data
c:\users\michael\projects\whimsy\source\physicstest.cpp(261): warning C4244: '=': conversion from 'float' to 'int', possible loss of data
c:\users\michael\projects\whimsy\source\physicstest.cpp(262): warning C4244: 'argument': conversion from 'int' to 'float', possible loss of data
c:\users\michael\projects\whimsy\source\physicstest.cpp(262): warning C4244: '=': conversion from 'float' to 'int', possible loss of data
c:\users\michael\projects\whimsy\source\physicstest.cpp(492): warning C4244: 'argument': conversion from 'int' to 'float', possible loss of data
c:\users\michael\projects\whimsy\source\physicstest.cpp(492): warning C4244: '=': conversion from 'float' to 'int', possible loss of data
c:\users\michael\projects\whimsy\source\physicstest.cpp(493): warning C4244: 'argument': conversion from 'int' to 'float', possible loss of data
c:\users\michael\projects\whimsy\source\physicstest.cpp(493): warning C4244: '=': conversion from 'float' to 'int', possible loss of data
  profiling.cpp
c:\users\michael\projects\whimsy\source\profiling.cpp(80): warning C4996: 'fopen': This function or variable may be unsafe. Consider using fopen_s instead. To disable deprecation, use _CRT_SECURE_NO_WARNINGS. See online help for details.
  c:\program files (x86)\windows kits\10\include\10.0.15063.0\ucrt\stdio.h(207): note: see declaration of 'fopen'
  Random.cpp
  Texture.cpp
  Vector2D.cpp
  Generating Code...
LINK : warning LNK4075: ignoring '/INCREMENTAL' due to '/OPT:ICF' specification
  Whimsy.vcxproj -> C:\Users\Michael\Projects\Whimsy\Release\Whimsy.exe
  Libraries\glew\Win32\glew32.dll
  1 File(s) copied
  Libraries\glfw\Win32\glfw3.dll
  1 File(s) copied
